<?xml version="1.0" encoding="UTF-8"?>
<!-- Generated by org.testng.reporters.JUnitXMLReporter -->
<testsuite ignored="0" hostname="MEDA-SANDEEP" failures="0" tests="4" name="Default test" time="14.742" errors="0" timestamp="2023-04-12T17:40:01 IST">
  <testcase classname="api.test.UserTests" name="testPostUser" time="6.716"/>
  <testcase classname="api.test.UserTests" name="testGetUserByName" time="1.732"/>
  <testcase classname="api.test.UserTests" name="testUpdateUserByName" time="2.932"/>
  <testcase classname="api.test.UserTests" name="testDeleteUserByName" time="1.463"/>
</testsuite> <!-- Default test -->
