<?xml version="1.0" encoding="UTF-8"?>
<testng-results ignored="0" total="4" passed="4" failed="0" skipped="0">
  <reporter-output>
  </reporter-output>
  <suite started-at="2023-04-13T01:10:19 IST" name="PetSuite" finished-at="2023-04-13T01:10:38 IST" duration-ms="19148">
    <groups>
    </groups>
    <test started-at="2023-04-13T01:10:19 IST" name="PetTests" finished-at="2023-04-13T01:10:38 IST" duration-ms="19148">
      <class name="api.test.UserTests2">
        <test-method is-config="true" signature="setUp()[pri:0, instance:api.test.UserTests2@537f60bf]" started-at="2023-04-13T01:10:20 IST" name="setUp" finished-at="2023-04-13T01:10:23 IST" duration-ms="2676" status="PASS">
          <reporter-output>
          </reporter-output>
        </test-method> <!-- setUp -->
        <test-method signature="testPostUser()[pri:1, instance:api.test.UserTests2@537f60bf]" started-at="2023-04-13T01:10:23 IST" name="testPostUser" finished-at="2023-04-13T01:10:32 IST" duration-ms="9247" status="PASS">
          <reporter-output>
          </reporter-output>
        </test-method> <!-- testPostUser -->
        <test-method signature="testGetUserByName()[pri:2, instance:api.test.UserTests2@537f60bf]" started-at="2023-04-13T01:10:32 IST" name="testGetUserByName" finished-at="2023-04-13T01:10:34 IST" duration-ms="1569" status="PASS">
          <reporter-output>
          </reporter-output>
        </test-method> <!-- testGetUserByName -->
        <test-method signature="testUpdateUserByName()[pri:3, instance:api.test.UserTests2@537f60bf]" started-at="2023-04-13T01:10:34 IST" name="testUpdateUserByName" finished-at="2023-04-13T01:10:37 IST" duration-ms="3140" status="PASS">
          <reporter-output>
          </reporter-output>
        </test-method> <!-- testUpdateUserByName -->
        <test-method signature="testDeleteUserByName()[pri:4, instance:api.test.UserTests2@537f60bf]" started-at="2023-04-13T01:10:37 IST" name="testDeleteUserByName" finished-at="2023-04-13T01:10:38 IST" duration-ms="1526" status="PASS">
          <reporter-output>
          </reporter-output>
        </test-method> <!-- testDeleteUserByName -->
      </class> <!-- api.test.UserTests2 -->
    </test> <!-- PetTests -->
  </suite> <!-- PetSuite -->
</testng-results>
