<?xml version="1.0" encoding="UTF-8"?>
<testng-results ignored="0" total="4" passed="4" failed="0" skipped="0">
  <reporter-output>
  </reporter-output>
  <suite started-at="2023-04-12T22:54:39 IST" name="PetSuite" finished-at="2023-04-12T22:54:52 IST" duration-ms="12966">
    <groups>
    </groups>
    <test started-at="2023-04-12T22:54:39 IST" name="PetTests" finished-at="2023-04-12T22:54:52 IST" duration-ms="12966">
      <class name="api.test.UserTests2">
        <test-method is-config="true" signature="setUp()[pri:0, instance:api.test.UserTests2@26e356f0]" started-at="2023-04-12T22:54:40 IST" name="setUp" finished-at="2023-04-12T22:54:42 IST" duration-ms="2250" status="PASS">
          <reporter-output>
          </reporter-output>
        </test-method> <!-- setUp -->
        <test-method signature="testPostUser()[pri:1, instance:api.test.UserTests2@26e356f0]" started-at="2023-04-12T22:54:42 IST" name="testPostUser" finished-at="2023-04-12T22:54:47 IST" duration-ms="4886" status="PASS">
          <reporter-output>
          </reporter-output>
        </test-method> <!-- testPostUser -->
        <test-method signature="testGetUserByName()[pri:2, instance:api.test.UserTests2@26e356f0]" started-at="2023-04-12T22:54:47 IST" name="testGetUserByName" finished-at="2023-04-12T22:54:48 IST" duration-ms="1293" status="PASS">
          <reporter-output>
          </reporter-output>
        </test-method> <!-- testGetUserByName -->
        <test-method signature="testUpdateUserByName()[pri:3, instance:api.test.UserTests2@26e356f0]" started-at="2023-04-12T22:54:48 IST" name="testUpdateUserByName" finished-at="2023-04-12T22:54:51 IST" duration-ms="2348" status="PASS">
          <reporter-output>
          </reporter-output>
        </test-method> <!-- testUpdateUserByName -->
        <test-method signature="testDeleteUserByName()[pri:4, instance:api.test.UserTests2@26e356f0]" started-at="2023-04-12T22:54:51 IST" name="testDeleteUserByName" finished-at="2023-04-12T22:54:52 IST" duration-ms="1182" status="PASS">
          <reporter-output>
          </reporter-output>
        </test-method> <!-- testDeleteUserByName -->
      </class> <!-- api.test.UserTests2 -->
    </test> <!-- PetTests -->
  </suite> <!-- PetSuite -->
</testng-results>
