<?xml version="1.0" encoding="UTF-8"?>
<!-- Generated by org.testng.reporters.JUnitXMLReporter -->
<testsuite ignored="0" hostname="MEDA-SANDEEP" failures="0" tests="4" name="PetTests" time="19.148" errors="0" timestamp="2023-04-13T01:10:38 IST">
  <testcase classname="api.test.UserTests2" name="testPostUser" time="9.247"/>
  <testcase classname="api.test.UserTests2" name="testGetUserByName" time="1.569"/>
  <testcase classname="api.test.UserTests2" name="testUpdateUserByName" time="3.14"/>
  <testcase classname="api.test.UserTests2" name="testDeleteUserByName" time="1.526"/>
</testsuite> <!-- PetTests -->
