<?xml version="1.0" encoding="UTF-8"?>
<!-- Generated by org.testng.reporters.JUnitXMLReporter -->
<testsuite ignored="0" hostname="MEDA-SANDEEP" failures="0" tests="4" name="PetTests" time="12.966" errors="0" timestamp="2023-04-12T22:54:52 IST">
  <testcase classname="api.test.UserTests2" name="testPostUser" time="4.886"/>
  <testcase classname="api.test.UserTests2" name="testGetUserByName" time="1.293"/>
  <testcase classname="api.test.UserTests2" name="testUpdateUserByName" time="2.348"/>
  <testcase classname="api.test.UserTests2" name="testDeleteUserByName" time="1.182"/>
</testsuite> <!-- PetTests -->
